SCORES FOR THE GROUP: 2stageSVM RUN=013
Gold Dataset: /

Partial Evaluation: only detection of DDI (regadless to the type)
tp	fp	fn	total	prec	recall	F1
516	1004	281	797	0.3395	0.6474	0.4454


Detection and Classification of DDI
tp	fp	fn	total	prec	recall	F1
217	1303	580	797	0.1428	0.2723	0.1873


________________________________________________________________________

SCORES FOR DDI TYPE
Scores for ddi with type mechanism
tp	fp	fn	total	prec	recall	F1
39	160	193	232	0.196	0.1681	0.181


Scores for ddi with type effect
tp	fp	fn	total	prec	recall	F1
123	247	277	400	0.3324	0.3075	0.3195


Scores for ddi with type advise
tp	fp	fn	total	prec	recall	F1
52	230	88	140	0.1844	0.3714	0.2464


Scores for ddi with type int
tp	fp	fn	total	prec	recall	F1
3	666	22	25	0.0045	0.12	0.0086


MACRO-AVERAGE MEASURES:
	P	R	F1
	0.1793	0.2418	0.2059
________________________________________________________________________

