SCORES FOR THE GROUP: 2stageSVM RUN=004
Gold Dataset: /

Partial Evaluation: only detection of DDI (regadless to the type)
tp	fp	fn	total	prec	recall	F1
491	1792	306	797	0.2151	0.6161	0.3188


Detection and Classification of DDI
tp	fp	fn	total	prec	recall	F1
64	2219	733	797	0.028	0.0803	0.0416


________________________________________________________________________

SCORES FOR DDI TYPE
Scores for ddi with type mechanism
tp	fp	fn	total	prec	recall	F1
0	38	232	232	0	0	0


Scores for ddi with type effect
tp	fp	fn	total	prec	recall	F1
9	61	391	400	0.1286	0.0225	0.0383


Scores for ddi with type advise
tp	fp	fn	total	prec	recall	F1
47	1108	93	140	0.0407	0.3357	0.0726


Scores for ddi with type int
tp	fp	fn	total	prec	recall	F1
8	1012	17	25	0.0078	0.32	0.0153


MACRO-AVERAGE MEASURES:
	P	R	F1
	0.0443	0.1696	0.0702
________________________________________________________________________

