SCORES FOR THE GROUP: 2stageSVM RUN=008
Gold Dataset: /

Partial Evaluation: only detection of DDI (regadless to the type)
tp	fp	fn	total	prec	recall	F1
28	1	769	797	0.9655	0.0351	0.0678


Detection and Classification of DDI
tp	fp	fn	total	prec	recall	F1
23	6	774	797	0.7931	0.0289	0.0557


________________________________________________________________________

SCORES FOR DDI TYPE
Scores for ddi with type mechanism
tp	fp	fn	total	prec	recall	F1
3	2	229	232	0.6	0.0129	0.0253


Scores for ddi with type effect
tp	fp	fn	total	prec	recall	F1
12	1	388	400	0.9231	0.03	0.0581


Scores for ddi with type advise
tp	fp	fn	total	prec	recall	F1
8	0	132	140	1	0.0571	0.1081


Scores for ddi with type int
tp	fp	fn	total	prec	recall	F1
0	3	25	25	0	0	0


MACRO-AVERAGE MEASURES:
	P	R	F1
	0.6308	0.025	0.0481
________________________________________________________________________

