SCORES FOR THE GROUP: 2stageSVM RUN=006
Gold Dataset: /

Partial Evaluation: only detection of DDI (regadless to the type)
tp	fp	fn	total	prec	recall	F1
310	419	487	797	0.4252	0.389	0.4063


Detection and Classification of DDI
tp	fp	fn	total	prec	recall	F1
135	594	662	797	0.1852	0.1694	0.1769


________________________________________________________________________

SCORES FOR DDI TYPE
Scores for ddi with type mechanism
tp	fp	fn	total	prec	recall	F1
19	103	213	232	0.1557	0.0819	0.1073


Scores for ddi with type effect
tp	fp	fn	total	prec	recall	F1
76	105	324	400	0.4199	0.19	0.2616


Scores for ddi with type advise
tp	fp	fn	total	prec	recall	F1
35	70	105	140	0.3333	0.25	0.2857


Scores for ddi with type int
tp	fp	fn	total	prec	recall	F1
5	316	20	25	0.0156	0.2	0.0289


MACRO-AVERAGE MEASURES:
	P	R	F1
	0.2311	0.1805	0.2027
________________________________________________________________________

