SCORES FOR THE GROUP: 2stageSVM RUN=010
Gold Dataset: /

Partial Evaluation: only detection of DDI (regadless to the type)
tp	fp	fn	total	prec	recall	F1
499	924	298	797	0.3507	0.6261	0.4495


Detection and Classification of DDI
tp	fp	fn	total	prec	recall	F1
212	1211	585	797	0.149	0.266	0.191


________________________________________________________________________

SCORES FOR DDI TYPE
Scores for ddi with type mechanism
tp	fp	fn	total	prec	recall	F1
39	150	193	232	0.2063	0.1681	0.1853


Scores for ddi with type effect
tp	fp	fn	total	prec	recall	F1
120	219	280	400	0.354	0.3	0.3248


Scores for ddi with type advise
tp	fp	fn	total	prec	recall	F1
48	206	92	140	0.189	0.3429	0.2437


Scores for ddi with type int
tp	fp	fn	total	prec	recall	F1
5	636	20	25	0.0078	0.2	0.015


MACRO-AVERAGE MEASURES:
	P	R	F1
	0.1893	0.2527	0.2165
________________________________________________________________________

