taskNER_84 does not follow the convention file name for the task!

Strict matching (boundaries + type)
cor	inc	par	mis	spu	total	prec	recall	F1
2009	123	0	331	46	2463	0.92	0.82	0.87



Exact matching
cor	inc	par	mis	spu	total	prec	recall	F1
2065	67	0	331	46	2463	0.95	0.84	0.89



Partial matching
cor	inc	par	mis	spu	total	prec	recall	F1
2065	0	67	331	46	2463	0.95	0.85	0.9



type matching
cor	inc	par	mis	spu	total	prec	recall	F1
2063	69	0	331	46	2463	0.95	0.84	0.89



SCORES FOR ENTITY TYPE
Exact matching on drug
cor	inc	par	mis	spu	total	prec	recall	F1
1396	7	0	179	44	1582	0.96	0.88	0.92


Exact matching on brand
cor	inc	par	mis	spu	total	prec	recall	F1
183	7	0	68	3	258	0.95	0.71	0.81


Exact matching on group
cor	inc	par	mis	spu	total	prec	recall	F1
419	42	0	59	13	520	0.88	0.81	0.84


Exact matching on drug_n
cor	inc	par	mis	spu	total	prec	recall	F1
11	0	0	92	0	103	1	0.11	0.19


MACRO-AVERAGE MEASURES:
P	R	F1
0.95	0.63	0.69
________________________________________________________________________

