taskNER_86 does not follow the convention file name for the task!

Strict matching (boundaries + type)
cor	inc	par	mis	spu	total	prec	recall	F1
2035	125	0	303	50	2463	0.92	0.83	0.87



Exact matching
cor	inc	par	mis	spu	total	prec	recall	F1
2093	67	0	303	50	2463	0.95	0.85	0.9



Partial matching
cor	inc	par	mis	spu	total	prec	recall	F1
2093	0	67	303	50	2463	0.95	0.86	0.9



type matching
cor	inc	par	mis	spu	total	prec	recall	F1
2089	71	0	303	50	2463	0.95	0.85	0.89



SCORES FOR ENTITY TYPE
Exact matching on drug
cor	inc	par	mis	spu	total	prec	recall	F1
1410	9	0	163	43	1582	0.96	0.89	0.93


Exact matching on brand
cor	inc	par	mis	spu	total	prec	recall	F1
194	7	0	57	6	258	0.94	0.75	0.83


Exact matching on group
cor	inc	par	mis	spu	total	prec	recall	F1
418	41	0	61	10	520	0.89	0.8	0.85


Exact matching on drug_n
cor	inc	par	mis	spu	total	prec	recall	F1
13	0	0	90	0	103	1	0.13	0.22


MACRO-AVERAGE MEASURES:
P	R	F1
0.95	0.64	0.71
________________________________________________________________________

