taskNER_33 does not follow the convention file name for the task!

Strict matching (boundaries + type)
cor	inc	par	mis	spu	total	prec	recall	F1
2014	132	0	317	55	2463	0.92	0.82	0.86



Exact matching
cor	inc	par	mis	spu	total	prec	recall	F1
2078	68	0	317	55	2463	0.94	0.84	0.89



Partial matching
cor	inc	par	mis	spu	total	prec	recall	F1
2078	0	68	317	55	2463	0.94	0.86	0.9



type matching
cor	inc	par	mis	spu	total	prec	recall	F1
2069	77	0	317	55	2463	0.94	0.84	0.89



SCORES FOR ENTITY TYPE
Exact matching on drug
cor	inc	par	mis	spu	total	prec	recall	F1
1399	10	0	173	44	1582	0.96	0.88	0.92


Exact matching on brand
cor	inc	par	mis	spu	total	prec	recall	F1
186	7	0	65	6	258	0.93	0.72	0.81


Exact matching on group
cor	inc	par	mis	spu	total	prec	recall	F1
415	41	0	64	10	520	0.89	0.8	0.84


Exact matching on drug_n
cor	inc	par	mis	spu	total	prec	recall	F1
14	1	0	88	0	103	0.93	0.14	0.24


MACRO-AVERAGE MEASURES:
P	R	F1
0.93	0.63	0.7
________________________________________________________________________

