taskNER_3 does not follow the convention file name for the task!

Strict matching (boundaries + type)
cor	inc	par	mis	spu	total	prec	recall	F1
2001	145	0	317	58	2463	0.91	0.81	0.86



Exact matching
cor	inc	par	mis	spu	total	prec	recall	F1
2079	67	0	317	58	2463	0.94	0.84	0.89



Partial matching
cor	inc	par	mis	spu	total	prec	recall	F1
2079	0	67	317	58	2463	0.94	0.86	0.9



type matching
cor	inc	par	mis	spu	total	prec	recall	F1
2055	91	0	317	58	2463	0.93	0.83	0.88



SCORES FOR ENTITY TYPE
Exact matching on drug
cor	inc	par	mis	spu	total	prec	recall	F1
1397	9	0	176	49	1582	0.96	0.88	0.92


Exact matching on brand
cor	inc	par	mis	spu	total	prec	recall	F1
177	8	0	73	6	258	0.93	0.69	0.79


Exact matching on group
cor	inc	par	mis	spu	total	prec	recall	F1
417	41	0	62	10	520	0.89	0.8	0.84


Exact matching on drug_n
cor	inc	par	mis	spu	total	prec	recall	F1
10	0	0	93	0	103	1	0.1	0.18


MACRO-AVERAGE MEASURES:
P	R	F1
0.94	0.62	0.68
________________________________________________________________________

