taskNER_00 does not follow the convention file name for the task!

Strict matching (boundaries + type)
cor	inc	par	mis	spu	total	prec	recall	F1
425	80	0	181	40	686	0.78	0.62	0.69



Exact matching
cor	inc	par	mis	spu	total	prec	recall	F1
475	30	0	181	40	686	0.87	0.69	0.77



Partial matching
cor	inc	par	mis	spu	total	prec	recall	F1
475	0	30	181	40	686	0.87	0.71	0.79



type matching
cor	inc	par	mis	spu	total	prec	recall	F1
438	67	0	181	40	686	0.8	0.64	0.71



SCORES FOR ENTITY TYPE
Exact matching on drug
cor	inc	par	mis	spu	total	prec	recall	F1
274	8	0	69	28	351	0.88	0.78	0.83


Exact matching on brand
cor	inc	par	mis	spu	total	prec	recall	F1
26	0	0	33	2	59	0.93	0.44	0.6


Exact matching on group
cor	inc	par	mis	spu	total	prec	recall	F1
120	7	0	28	9	155	0.88	0.77	0.82


Exact matching on drug_n
cor	inc	par	mis	spu	total	prec	recall	F1
5	0	0	116	0	121	1	0.04	0.08


MACRO-AVERAGE MEASURES:
P	R	F1
0.92	0.51	0.58
________________________________________________________________________

