taskNER_78 does not follow the convention file name for the task!

Strict matching (boundaries + type)
cor	inc	par	mis	spu	total	prec	recall	F1
2031	129	0	303	52	2463	0.92	0.82	0.87



Exact matching
cor	inc	par	mis	spu	total	prec	recall	F1
2090	70	0	303	52	2463	0.94	0.85	0.89



Partial matching
cor	inc	par	mis	spu	total	prec	recall	F1
2090	0	70	303	52	2463	0.94	0.86	0.9



type matching
cor	inc	par	mis	spu	total	prec	recall	F1
2086	74	0	303	52	2463	0.94	0.85	0.89



SCORES FOR ENTITY TYPE
Exact matching on drug
cor	inc	par	mis	spu	total	prec	recall	F1
1412	9	0	161	46	1582	0.96	0.89	0.93


Exact matching on brand
cor	inc	par	mis	spu	total	prec	recall	F1
188	7	0	63	3	258	0.95	0.73	0.82


Exact matching on group
cor	inc	par	mis	spu	total	prec	recall	F1
417	41	0	62	11	520	0.89	0.8	0.84


Exact matching on drug_n
cor	inc	par	mis	spu	total	prec	recall	F1
14	0	0	89	0	103	1	0.14	0.24


MACRO-AVERAGE MEASURES:
P	R	F1
0.95	0.64	0.71
________________________________________________________________________

