taskNER_79 does not follow the convention file name for the task!

Strict matching (boundaries + type)
cor	inc	par	mis	spu	total	prec	recall	F1
2031	130	0	302	61	2463	0.91	0.82	0.87



Exact matching
cor	inc	par	mis	spu	total	prec	recall	F1
2096	65	0	302	61	2463	0.94	0.85	0.89



Partial matching
cor	inc	par	mis	spu	total	prec	recall	F1
2096	0	65	302	61	2463	0.94	0.86	0.9



type matching
cor	inc	par	mis	spu	total	prec	recall	F1
2084	77	0	302	61	2463	0.94	0.85	0.89



SCORES FOR ENTITY TYPE
Exact matching on drug
cor	inc	par	mis	spu	total	prec	recall	F1
1405	8	0	169	44	1582	0.96	0.89	0.92


Exact matching on brand
cor	inc	par	mis	spu	total	prec	recall	F1
196	6	0	56	5	258	0.95	0.76	0.84


Exact matching on group
cor	inc	par	mis	spu	total	prec	recall	F1
415	41	0	64	13	520	0.88	0.8	0.84


Exact matching on drug_n
cor	inc	par	mis	spu	total	prec	recall	F1
15	1	0	87	0	103	0.94	0.15	0.25


MACRO-AVERAGE MEASURES:
P	R	F1
0.93	0.65	0.71
________________________________________________________________________

