taskNER_7 does not follow the convention file name for the task!

Strict matching (boundaries + type)
cor	inc	par	mis	spu	total	prec	recall	F1
2002	145	0	316	61	2463	0.91	0.81	0.86



Exact matching
cor	inc	par	mis	spu	total	prec	recall	F1
2080	67	0	316	61	2463	0.94	0.84	0.89



Partial matching
cor	inc	par	mis	spu	total	prec	recall	F1
2080	0	67	316	61	2463	0.94	0.86	0.9



type matching
cor	inc	par	mis	spu	total	prec	recall	F1
2056	91	0	316	61	2463	0.93	0.83	0.88



SCORES FOR ENTITY TYPE
Exact matching on drug
cor	inc	par	mis	spu	total	prec	recall	F1
1398	9	0	175	50	1582	0.96	0.88	0.92


Exact matching on brand
cor	inc	par	mis	spu	total	prec	recall	F1
179	8	0	71	6	258	0.93	0.69	0.79


Exact matching on group
cor	inc	par	mis	spu	total	prec	recall	F1
415	41	0	64	11	520	0.89	0.8	0.84


Exact matching on drug_n
cor	inc	par	mis	spu	total	prec	recall	F1
10	0	0	93	0	103	1	0.1	0.18


MACRO-AVERAGE MEASURES:
P	R	F1
0.94	0.62	0.68
________________________________________________________________________

