taskNER_67 does not follow the convention file name for the task!

Strict matching (boundaries + type)
cor	inc	par	mis	spu	total	prec	recall	F1
2014	133	0	316	51	2463	0.92	0.82	0.86



Exact matching
cor	inc	par	mis	spu	total	prec	recall	F1
2078	69	0	316	51	2463	0.95	0.84	0.89



Partial matching
cor	inc	par	mis	spu	total	prec	recall	F1
2078	0	69	316	51	2463	0.95	0.86	0.9



type matching
cor	inc	par	mis	spu	total	prec	recall	F1
2069	78	0	316	51	2463	0.94	0.84	0.89



SCORES FOR ENTITY TYPE
Exact matching on drug
cor	inc	par	mis	spu	total	prec	recall	F1
1401	8	0	173	40	1582	0.97	0.89	0.92


Exact matching on brand
cor	inc	par	mis	spu	total	prec	recall	F1
185	7	0	66	6	258	0.93	0.72	0.81


Exact matching on group
cor	inc	par	mis	spu	total	prec	recall	F1
413	44	0	63	10	520	0.88	0.79	0.84


Exact matching on drug_n
cor	inc	par	mis	spu	total	prec	recall	F1
15	1	0	87	0	103	0.94	0.15	0.25


MACRO-AVERAGE MEASURES:
P	R	F1
0.93	0.64	0.71
________________________________________________________________________

