taskNER_12 does not follow the convention file name for the task!

Strict matching (boundaries + type)
cor	inc	par	mis	spu	total	prec	recall	F1
2006	135	0	322	51	2463	0.92	0.81	0.86



Exact matching
cor	inc	par	mis	spu	total	prec	recall	F1
2077	64	0	322	51	2463	0.95	0.84	0.89



Partial matching
cor	inc	par	mis	spu	total	prec	recall	F1
2077	0	64	322	51	2463	0.95	0.86	0.9



type matching
cor	inc	par	mis	spu	total	prec	recall	F1
2058	83	0	322	51	2463	0.94	0.84	0.88



SCORES FOR ENTITY TYPE
Exact matching on drug
cor	inc	par	mis	spu	total	prec	recall	F1
1399	8	0	175	43	1582	0.96	0.88	0.92


Exact matching on brand
cor	inc	par	mis	spu	total	prec	recall	F1
177	8	0	73	6	258	0.93	0.69	0.79


Exact matching on group
cor	inc	par	mis	spu	total	prec	recall	F1
417	39	0	64	10	520	0.89	0.8	0.85


Exact matching on drug_n
cor	inc	par	mis	spu	total	prec	recall	F1
13	1	0	89	0	103	0.93	0.13	0.22


MACRO-AVERAGE MEASURES:
P	R	F1
0.93	0.62	0.69
________________________________________________________________________

