taskNER_69 does not follow the convention file name for the task!

Strict matching (boundaries + type)
cor	inc	par	mis	spu	total	prec	recall	F1
2012	132	0	319	51	2463	0.92	0.82	0.86



Exact matching
cor	inc	par	mis	spu	total	prec	recall	F1
2077	67	0	319	51	2463	0.95	0.84	0.89



Partial matching
cor	inc	par	mis	spu	total	prec	recall	F1
2077	0	67	319	51	2463	0.95	0.86	0.9



type matching
cor	inc	par	mis	spu	total	prec	recall	F1
2066	78	0	319	51	2463	0.94	0.84	0.89



SCORES FOR ENTITY TYPE
Exact matching on drug
cor	inc	par	mis	spu	total	prec	recall	F1
1399	8	0	175	41	1582	0.97	0.88	0.92


Exact matching on brand
cor	inc	par	mis	spu	total	prec	recall	F1
185	7	0	66	6	258	0.93	0.72	0.81


Exact matching on group
cor	inc	par	mis	spu	total	prec	recall	F1
414	43	0	63	11	520	0.88	0.8	0.84


Exact matching on drug_n
cor	inc	par	mis	spu	total	prec	recall	F1
14	0	0	89	0	103	1	0.14	0.24


MACRO-AVERAGE MEASURES:
P	R	F1
0.95	0.63	0.7
________________________________________________________________________

