taskNER_0 does not follow the convention file name for the task!

Strict matching (boundaries + type)
cor	inc	par	mis	spu	total	prec	recall	F1
1918	135	0	410	59	2463	0.91	0.78	0.84



Exact matching
cor	inc	par	mis	spu	total	prec	recall	F1
1999	54	0	410	59	2463	0.95	0.81	0.87



Partial matching
cor	inc	par	mis	spu	total	prec	recall	F1
1999	0	54	410	59	2463	0.95	0.82	0.88



type matching
cor	inc	par	mis	spu	total	prec	recall	F1
1963	90	0	410	59	2463	0.93	0.8	0.86



SCORES FOR ENTITY TYPE
Exact matching on drug
cor	inc	par	mis	spu	total	prec	recall	F1
1373	9	0	200	53	1582	0.96	0.87	0.91


Exact matching on brand
cor	inc	par	mis	spu	total	prec	recall	F1
120	1	0	137	11	258	0.91	0.47	0.62


Exact matching on group
cor	inc	par	mis	spu	total	prec	recall	F1
418	36	0	66	9	520	0.9	0.8	0.85


Exact matching on drug_n
cor	inc	par	mis	spu	total	prec	recall	F1
7	0	0	96	0	103	1	0.07	0.13


MACRO-AVERAGE MEASURES:
P	R	F1
0.94	0.55	0.63
________________________________________________________________________

