taskNER_19 does not follow the convention file name for the task!

Strict matching (boundaries + type)
cor	inc	par	mis	spu	total	prec	recall	F1
1943	141	0	379	46	2463	0.91	0.79	0.85



Exact matching
cor	inc	par	mis	spu	total	prec	recall	F1
2023	61	0	379	46	2463	0.95	0.82	0.88



Partial matching
cor	inc	par	mis	spu	total	prec	recall	F1
2023	0	61	379	46	2463	0.95	0.83	0.89



type matching
cor	inc	par	mis	spu	total	prec	recall	F1
1995	89	0	379	46	2463	0.94	0.81	0.87



SCORES FOR ENTITY TYPE
Exact matching on drug
cor	inc	par	mis	spu	total	prec	recall	F1
1379	12	0	191	50	1582	0.96	0.87	0.91


Exact matching on brand
cor	inc	par	mis	spu	total	prec	recall	F1
139	4	0	115	6	258	0.93	0.54	0.68


Exact matching on group
cor	inc	par	mis	spu	total	prec	recall	F1
417	37	0	66	8	520	0.9	0.8	0.85


Exact matching on drug_n
cor	inc	par	mis	spu	total	prec	recall	F1
8	0	0	95	0	103	1	0.08	0.14


MACRO-AVERAGE MEASURES:
P	R	F1
0.95	0.57	0.65
________________________________________________________________________

