taskNER_3 does not follow the convention file name for the task!

Strict matching (boundaries + type)
cor	inc	par	mis	spu	total	prec	recall	F1
1921	146	0	396	65	2463	0.9	0.78	0.84



Exact matching
cor	inc	par	mis	spu	total	prec	recall	F1
2008	59	0	396	65	2463	0.94	0.82	0.87



Partial matching
cor	inc	par	mis	spu	total	prec	recall	F1
2008	0	59	396	65	2463	0.94	0.83	0.88



type matching
cor	inc	par	mis	spu	total	prec	recall	F1
1971	96	0	396	65	2463	0.92	0.8	0.86



SCORES FOR ENTITY TYPE
Exact matching on drug
cor	inc	par	mis	spu	total	prec	recall	F1
1375	10	0	197	52	1582	0.96	0.87	0.91


Exact matching on brand
cor	inc	par	mis	spu	total	prec	recall	F1
121	5	0	132	11	258	0.88	0.47	0.61


Exact matching on group
cor	inc	par	mis	spu	total	prec	recall	F1
418	37	0	65	9	520	0.9	0.8	0.85


Exact matching on drug_n
cor	inc	par	mis	spu	total	prec	recall	F1
7	0	0	96	0	103	1	0.07	0.13


MACRO-AVERAGE MEASURES:
P	R	F1
0.94	0.55	0.63
________________________________________________________________________

