taskNER_53 does not follow the convention file name for the task!

Strict matching (boundaries + type)
cor	inc	par	mis	spu	total	prec	recall	F1
1999	114	0	350	43	2463	0.93	0.81	0.87



Exact matching
cor	inc	par	mis	spu	total	prec	recall	F1
2048	65	0	350	43	2463	0.95	0.83	0.89



Partial matching
cor	inc	par	mis	spu	total	prec	recall	F1
2048	0	65	350	43	2463	0.95	0.84	0.89



type matching
cor	inc	par	mis	spu	total	prec	recall	F1
2052	61	0	350	43	2463	0.95	0.83	0.89



SCORES FOR ENTITY TYPE
Exact matching on drug
cor	inc	par	mis	spu	total	prec	recall	F1
1391	10	0	181	36	1582	0.97	0.88	0.92


Exact matching on brand
cor	inc	par	mis	spu	total	prec	recall	F1
179	7	0	72	5	258	0.94	0.69	0.8


Exact matching on group
cor	inc	par	mis	spu	total	prec	recall	F1
415	39	0	66	9	520	0.9	0.8	0.84


Exact matching on drug_n
cor	inc	par	mis	spu	total	prec	recall	F1
14	0	0	89	0	103	1	0.14	0.24


MACRO-AVERAGE MEASURES:
P	R	F1
0.95	0.63	0.7
________________________________________________________________________

